# JRE version: OpenJDK Runtime Environment (11.0.11+9) (build 11.0.11+9-b60-7590822)
# Java VM: OpenJDK 64-Bit Server VM (11.0.11+9-b60-7590822, mixed mode, tiered, compressed oops, g1 gc, windows-amd64)
Heap:
 garbage-first heap   total 273408K, used 194844K [0x0000000080000000, 0x0000000100000000)
  region size 1024K, 56 young (57344K), 4 survivors (4096K)
 Metaspace       used 130396K, capacity 133739K, committed 134064K, reserved 1165312K
  class space    used 16074K, capacity 17317K, committed 17408K, reserved 1048576K
GC Heap History (20 events):
Event: 207.365 GC heap before
{Heap before GC invocations=109 (full 0):
 garbage-first heap   total 227328K, used 206276K [0x0000000080000000, 0x0000000100000000)
  region size 1024K, 31 young (31744K), 1 survivors (1024K)
 Metaspace       used 122199K, capacity 125613K, committed 125872K, reserved 1159168K
  class space    used 15334K, capacity 16573K, committed 16640K, reserved 1048576K
}
Event: 207.368 GC heap after
{Heap after GC invocations=110 (full 0):
 garbage-first heap   total 227328K, used 161433K [0x0000000080000000, 0x0000000100000000)
  region size 1024K, 3 young (3072K), 3 survivors (3072K)
 Metaspace       used 122199K, capacity 125613K, committed 125872K, reserved 1159168K
  class space    used 15334K, capacity 16573K, committed 16640K, reserved 1048576K
}
Event: 207.430 GC heap before
{Heap before GC invocations=110 (full 0):
 garbage-first heap   total 227328K, used 169625K [0x0000000080000000, 0x0000000100000000)
  region size 1024K, 11 young (11264K), 3 survivors (3072K)
 Metaspace       used 122642K, capacity 125968K, committed 126128K, reserved 1159168K
  class space    used 15369K, capacity 16606K, committed 16640K, reserved 1048576K
}
Event: 207.433 GC heap after
{Heap after GC invocations=111 (full 0):
 garbage-first heap   total 227328K, used 162273K [0x0000000080000000, 0x0000000100000000)
  region size 1024K, 2 young (2048K), 2 survivors (2048K)
 Metaspace       used 122642K, capacity 125968K, committed 126128K, reserved 1159168K
  class space    used 15369K, capacity 16606K, committed 16640K, reserved 1048576K
}
Event: 207.649 GC heap before
{Heap before GC invocations=111 (full 0):
 garbage-first heap   total 227328K, used 189921K [0x0000000080000000, 0x0000000100000000)
  region size 1024K, 30 young (30720K), 2 survivors (2048K)
 Metaspace       used 125674K, capacity 129035K, committed 129200K, reserved 1161216K
  class space    used 15603K, capacity 16830K, committed 16896K, reserved 1048576K
}
Event: 207.654 GC heap after
{Heap after GC invocations=112 (full 0):
 garbage-first heap   total 227328K, used 165827K [0x0000000080000000, 0x0000000100000000)
  region size 1024K, 4 young (4096K), 4 survivors (4096K)
 Metaspace       used 125674K, capacity 129035K, committed 129200K, reserved 1161216K
  class space    used 15603K, capacity 16830K, committed 16896K, reserved 1048576K
}
Event: 207.745 GC heap before
{Heap before GC invocations=112 (full 0):
 garbage-first heap   total 227328K, used 193475K [0x0000000080000000, 0x0000000100000000)
  region size 1024K, 31 young (31744K), 4 survivors (4096K)
 Metaspace       used 126124K, capacity 129515K, committed 129712K, reserved 1163264K
  class space    used 15625K, capacity 16862K, committed 16896K, reserved 1048576K
}
Event: 207.752 GC heap after
{Heap after GC invocations=113 (full 0):
 garbage-first heap   total 227328K, used 171975K [0x0000000080000000, 0x0000000100000000)
  region size 1024K, 4 young (4096K), 4 survivors (4096K)
 Metaspace       used 126124K, capacity 129515K, committed 129712K, reserved 1163264K
  class space    used 15625K, capacity 16862K, committed 16896K, reserved 1048576K
}
Event: 208.004 GC heap before
{Heap before GC invocations=113 (full 0):
 garbage-first heap   total 227328K, used 193479K [0x0000000080000000, 0x0000000100000000)
  region size 1024K, 25 young (25600K), 4 survivors (4096K)
 Metaspace       used 126194K, capacity 129579K, committed 129712K, reserved 1163264K
  class space    used 15625K, capacity 16862K, committed 16896K, reserved 1048576K
}
Event: 208.011 GC heap after
{Heap after GC invocations=114 (full 0):
 garbage-first heap   total 273408K, used 169493K [0x0000000080000000, 0x0000000100000000)
  region size 1024K, 1 young (1024K), 1 survivors (1024K)
 Metaspace       used 126194K, capacity 129579K, committed 129712K, reserved 1163264K
  class space    used 15625K, capacity 16862K, committed 16896K, reserved 1048576K
}
Event: 208.697 GC heap before
{Heap before GC invocations=115 (full 0):
 garbage-first heap   total 273408K, used 200213K [0x0000000080000000, 0x0000000100000000)
  region size 1024K, 45 young (46080K), 1 survivors (1024K)
 Metaspace       used 126830K, capacity 130147K, committed 130352K, reserved 1163264K
  class space    used 15673K, capacity 16902K, committed 17024K, reserved 1048576K
}
Event: 208.698 GC heap after
{Heap after GC invocations=116 (full 0):
 garbage-first heap   total 273408K, used 156263K [0x0000000080000000, 0x0000000100000000)
  region size 1024K, 1 young (1024K), 1 survivors (1024K)
 Metaspace       used 126830K, capacity 130147K, committed 130352K, reserved 1163264K
  class space    used 15673K, capacity 16902K, committed 17024K, reserved 1048576K
}
Event: 208.733 GC heap before
{Heap before GC invocations=116 (full 0):
 garbage-first heap   total 273408K, used 167527K [0x0000000080000000, 0x0000000100000000)
  region size 1024K, 13 young (13312K), 1 survivors (1024K)
 Metaspace       used 126830K, capacity 130147K, committed 130352K, reserved 1163264K
  class space    used 15673K, capacity 16902K, committed 17024K, reserved 1048576K
}
Event: 208.737 GC heap after
{Heap after GC invocations=117 (full 0):
 garbage-first heap   total 273408K, used 143580K [0x0000000080000000, 0x0000000100000000)
  region size 1024K, 1 young (1024K), 1 survivors (1024K)
 Metaspace       used 126830K, capacity 130147K, committed 130352K, reserved 1163264K
  class space    used 15673K, capacity 16902K, committed 17024K, reserved 1048576K
}
Event: 208.896 GC heap before
{Heap before GC invocations=117 (full 0):
 garbage-first heap   total 273408K, used 206044K [0x0000000080000000, 0x0000000100000000)
  region size 1024K, 62 young (63488K), 1 survivors (1024K)
 Metaspace       used 126830K, capacity 130147K, committed 130352K, reserved 1163264K
  class space    used 15673K, capacity 16902K, committed 17024K, reserved 1048576K
}
Event: 208.898 GC heap after
{Heap after GC invocations=118 (full 0):
 garbage-first heap   total 273408K, used 144531K [0x0000000080000000, 0x0000000100000000)
  region size 1024K, 2 young (2048K), 2 survivors (2048K)
 Metaspace       used 126830K, capacity 130147K, committed 130352K, reserved 1163264K
  class space    used 15673K, capacity 16902K, committed 17024K, reserved 1048576K
}
Event: 209.435 GC heap before
{Heap before GC invocations=118 (full 0):
 garbage-first heap   total 273408K, used 211091K [0x0000000080000000, 0x0000000100000000)
  region size 1024K, 66 young (67584K), 2 survivors (2048K)
 Metaspace       used 127628K, capacity 131027K, committed 131120K, reserved 1163264K
  class space    used 15755K, capacity 17000K, committed 17024K, reserved 1048576K
}
Event: 209.459 GC heap after
{Heap after GC invocations=119 (full 0):
 garbage-first heap   total 273408K, used 141656K [0x0000000080000000, 0x0000000100000000)
  region size 1024K, 2 young (2048K), 2 survivors (2048K)
 Metaspace       used 127628K, capacity 131027K, committed 131120K, reserved 1163264K
  class space    used 15755K, capacity 17000K, committed 17024K, reserved 1048576K
}
Event: 210.740 GC heap before
{Heap before GC invocations=119 (full 0):
 garbage-first heap   total 273408K, used 210264K [0x0000000080000000, 0x0000000100000000)
  region size 1024K, 70 young (71680K), 2 survivors (2048K)
 Metaspace       used 127977K, capacity 131328K, committed 131376K, reserved 1163264K
  class space    used 15780K, capacity 17006K, committed 17024K, reserved 1048576K
}
Event: 210.756 GC heap after
{Heap after GC invocations=120 (full 0):
 garbage-first heap   total 273408K, used 143644K [0x0000000080000000, 0x0000000100000000)
  region size 1024K, 4 young (4096K), 4 survivors (4096K)
 Metaspace       used 127977K, capacity 131328K, committed 131376K, reserved 1163264K
  class space    used 15780K, capacity 17006K, committed 17024K, reserved 1048576K
}

